<?xml version="1.0" encoding="UTF-8"?>
<!-- Generated by org.testng.reporters.JUnitReportReporter -->
<testsuite hostname="DESKTOP-NC0M87L" name="fb.TestLogin2" tests="1" failures="0" timestamp="29 Sep 2018 06:00:11 GMT" time="0.026" errors="0">
  <testcase name="testGrid" time="0.026" classname="fb.TestLogin2"/>
</testsuite> <!-- fb.TestLogin2 -->
