<?xml version="1.0" encoding="UTF-8"?>
<!-- Generated by org.testng.reporters.JUnitReportReporter -->
<testsuite hostname="DESKTOP-NC0M87L" name="fb.Practiseone" tests="1" failures="0" timestamp="29 Sep 2018 12:40:05 GMT" time="10.360" errors="0">
  <testcase name="meth1" time="10.360" classname="fb.Practiseone"/>
</testsuite> <!-- fb.Practiseone -->
