<?xml version="1.0" encoding="UTF-8"?>
<!-- Generated by org.testng.reporters.JUnitReportReporter -->
<testsuite hostname="DESKTOP-NC0M87L" name="fb.PractiseTest" tests="1" failures="0" timestamp="29 Sep 2018 13:14:03 GMT" time="36.191" errors="0">
  <testcase name="meth" time="36.191" classname="fb.PractiseTest"/>
</testsuite> <!-- fb.PractiseTest -->
