<?xml version="1.0" encoding="UTF-8"?>
<!-- Generated by org.testng.reporters.JUnitReportReporter -->
<testsuite hostname="DESKTOP-NC0M87L" name="test.DemoA" tests="1" failures="0" timestamp="25 Sep 2018 11:01:37 GMT" time="19.331" errors="0">
  <testcase name="creatUser" time="19.331" classname="test.DemoA"/>
</testsuite> <!-- test.DemoA -->
