<?xml version="1.0" encoding="UTF-8"?>
<!-- Generated by org.testng.reporters.JUnitReportReporter -->
<testsuite hostname="DESKTOP-NC0M87L" name="script.Demo1" tests="1" failures="0" timestamp="29 Oct 2018 10:21:51 GMT" time="50.515" errors="0">
  <testcase name="testA" time="50.515" classname="script.Demo1"/>
</testsuite> <!-- script.Demo1 -->
