<?xml version="1.0" encoding="UTF-8"?>
<!-- Generated by org.testng.reporters.JUnitReportReporter -->
<testsuite hostname="DESKTOP-NC0M87L" name="script.Demo1" tests="1" failures="0" timestamp="11 Oct 2018 04:24:03 GMT" time="12.683" errors="0">
  <testcase name="testA" time="12.683" classname="script.Demo1"/>
</testsuite> <!-- script.Demo1 -->
